<beans xmlns="http://www.springframework.org/schema/beans"
       xmlns:xsi="http://www.w3.org/2001/XMLSchema-instance"
       xmlns:jaxrs="http://cxf.apache.org/jaxrs"
       xmlns:p="http://www.springframework.org/schema/p"
       xmlns:context="http://www.springframework.org/schema/context"
       xsi:schemaLocation="http://www.springframework.org/schema/beans http://www.springframework.org/schema/beans/spring-beans.xsd
         http://www.springframework.org/schema/context http://www.springframework.org/schema/context/spring-context.xsd
         http://cxf.apache.org/jaxrs http://cxf.apache.org/schemas/jaxrs.xsd">

    <jaxrs:client id="productRestClient"
                  address="http://localhost:8080/product-catalogue-rest/services/products/"
                  serviceClass="com.sample.rest.ProductRest"
                  inheritHeaders="true">
            <jaxrs:headers>
                <entry key="Accept" value="application/xml"></entry>
            </jaxrs:headers>
    </jaxrs:client>
</beans>